#
# A fatal error has been detected by the Java Runtime Environment:
#
#  EXCEPTION_ACCESS_VIOLATION (0xc0000005) at pc=0x6d8f9dac, pid=5232, tid=5616
#
# JRE version: 6.0_20-b02
# Java VM: Java HotSpot(TM) Client VM (16.3-b01 mixed mode windows-x86 )
# Problematic frame:
# V  [jvm.dll+0xf9dac]
#
# If you would like to submit a bug report, please visit:
#   http://java.sun.com/webapps/bugreport/crash.jsp
#

---------------  T H R E A D  ---------------

Current thread (0x4b40f800):  JavaThread "Java2D Disposer" daemon [_thread_in_vm, id=5616, stack(0x4e080000,0x4e0d0000)]

siginfo: ExceptionCode=0xc0000005, reading address 0x00000000

Registers:
EAX=0x0259d1c8, EBX=0x00000000, ECX=0x00000000, EDX=0x4e0cf928
ESP=0x4e0cf918, EBP=0x4e0cf9f4, ESI=0x4ad61aa8, EDI=0x4b40f800
EIP=0x6d8f9dac, EFLAGS=0x00010203

Top of Stack: (sp=0x4e0cf918)
0x4e0cf918:   4b40f800 4b40f910 4b40bebc 026802cb
0x4e0cf928:   0259d1c8 00000000 4e0cfc00 4e0cfbe0
0x4e0cf938:   0259d1e0 04823fb8 04823fd0 04824060
0x4e0cf948:   00000006 026f4f00 026f4f48 00000000
0x4e0cf958:   4e0cfa98 4e0cf974 4ad61aa8 0259c998
0x4e0cf968:   0259c9a0 0259cd8c 00000400 4b40f800
0x4e0cf978:   00000000 02887088 4e0cfaf0 02885e70
0x4e0cf988:   02885c88 00000100 4e0cfb28 4e0cfaf0 

Instructions: (pc=0x6d8f9dac)
0x6d8f9d9c:   01 8b 4d b0 8b 55 a4 8b 45 f4 89 04 8a ff 45 b0
0x6d8f9dac:   8b 03 8b 48 08 0f b7 51 2a 8b 40 0c 8b 4c 90 24 


Stack: [0x4e080000,0x4e0d0000],  sp=0x4e0cf918,  free space=13e4e0cf3fck
Native frames: (J=compiled Java code, j=interpreted, Vv=VM code, C=native code)
V  [jvm.dll+0xf9dac]
V  [jvm.dll+0xfcc07]
C  [awt.dll+0x6c71c]
j  java.awt.Cursor.finalizeImpl(J)V+0
j  java.awt.Cursor.access$000(J)V+1
j  java.awt.Cursor$CursorDisposer.dispose()V+13
j  sun.java2d.Disposer.run()V+26
j  java.lang.Thread.run()V+11
v  ~StubRoutines::call_stub
V  [jvm.dll+0xf049c]
V  [jvm.dll+0x17fcf1]
V  [jvm.dll+0xf0667]
V  [jvm.dll+0xf06dd]
V  [jvm.dll+0x11a2a0]
V  [jvm.dll+0x1ddb14]
V  [jvm.dll+0x17f96c]
C  [msvcr71.dll+0x9565]
C  [kernel32.dll+0x13677]
C  [ntdll.dll+0x39f02]
C  [ntdll.dll+0x39ed5]

Java frames: (J=compiled Java code, j=interpreted, Vv=VM code)
j  java.awt.Cursor.finalizeImpl(J)V+0
j  java.awt.Cursor.access$000(J)V+1
j  java.awt.Cursor$CursorDisposer.dispose()V+13
j  sun.java2d.Disposer.run()V+26
j  java.lang.Thread.run()V+11
v  ~StubRoutines::call_stub

---------------  P R O C E S S  ---------------

Java Threads: ( => current thread )
  0x4b484800 JavaThread "Thread-2" daemon [_thread_in_native, id=884, stack(0x4e350000,0x4e3a0000)]
  0x4b483c00 JavaThread "pool-3-thread-1" [_thread_blocked, id=5788, stack(0x52fb0000,0x53000000)]
  0x4b483800 JavaThread "pool-2-thread-1" [_thread_blocked, id=1080, stack(0x51a20000,0x51a70000)]
  0x4b483000 JavaThread "DestroyJavaVM" [_thread_blocked, id=5536, stack(0x001f0000,0x00240000)]
  0x4b411000 JavaThread "AWT-EventQueue-0" [_thread_blocked, id=5020, stack(0x4ebd0000,0x4ec20000)]
  0x4b40fc00 JavaThread "AWT-Shutdown" [_thread_blocked, id=3280, stack(0x4e110000,0x4e160000)]
  0x4b482000 JavaThread "TimerQueue" daemon [_thread_blocked, id=4168, stack(0x51150000,0x511a0000)]
  0x4b410400 JavaThread "AWT-Windows" daemon [_thread_in_native, id=4648, stack(0x4e270000,0x4e2c0000)]
=>0x4b40f800 JavaThread "Java2D Disposer" daemon [_thread_in_vm, id=5616, stack(0x4e080000,0x4e0d0000)]
  0x4b40f000 JavaThread "Timer-0" daemon [_thread_blocked, id=4268, stack(0x4ba70000,0x4bac0000)]
  0x4b40e400 JavaThread "WeakCollectionCleaner" daemon [_thread_blocked, id=5596, stack(0x4bb40000,0x4bb90000)]
  0x0259a400 JavaThread "Low Memory Detector" daemon [_thread_blocked, id=2420, stack(0x4aa90000,0x4aae0000)]
  0x02595800 JavaThread "CompilerThread0" daemon [_thread_blocked, id=1004, stack(0x4aa00000,0x4aa50000)]
  0x02593c00 JavaThread "Attach Listener" daemon [_thread_blocked, id=5524, stack(0x4a970000,0x4a9c0000)]
  0x02590c00 JavaThread "Signal Dispatcher" daemon [_thread_blocked, id=5208, stack(0x4a8e0000,0x4a930000)]
  0x02564c00 JavaThread "Finalizer" daemon [_thread_blocked, id=4816, stack(0x4a850000,0x4a8a0000)]
  0x0255fc00 JavaThread "Reference Handler" daemon [_thread_blocked, id=5920, stack(0x02610000,0x02660000)]

Other Threads:
  0x0255c800 VMThread [stack: 0x00530000,0x00580000] [id=5436]
  0x025ac000 WatcherThread [stack: 0x4ab20000,0x4ab70000] [id=5312]

VM state:not at safepoint (normal execution)

VM Mutex/Monitor currently owned by a thread: None

Heap
 def new generation   total 186624K, used 3549K [0x04680000, 0x11100000, 0x19bd0000)
  eden space 165888K,   2% used [0x04680000, 0x049f75f8, 0x0e880000)
  from space 20736K,   0% used [0x0e880000, 0x0e880000, 0x0fcc0000)
  to   space 20736K,   0% used [0x0fcc0000, 0x0fcc0000, 0x11100000)
 tenured generation   total 414596K, used 248756K [0x19bd0000, 0x330b1000, 0x44680000)
   the space 414596K,  59% used [0x19bd0000, 0x28ebd200, 0x28ebd200, 0x330b1000)
 compacting perm gen  total 20736K, used 20549K [0x44680000, 0x45ac0000, 0x48680000)
   the space 20736K,  99% used [0x44680000, 0x45a917b8, 0x45a91800, 0x45ac0000)
No shared spaces configured.

Dynamic libraries:
0x00400000 - 0x00424000 	C:\Program Files (x86)\Java\jre6\bin\javaw.exe
0x77c70000 - 0x77df0000 	C:\Windows\SysWOW64\ntdll.dll
0x77520000 - 0x77620000 	C:\Windows\syswow64\kernel32.dll
0x76df0000 - 0x76e36000 	C:\Windows\syswow64\KERNELBASE.dll
0x77480000 - 0x77520000 	C:\Windows\syswow64\ADVAPI32.dll
0x77240000 - 0x772ec000 	C:\Windows\syswow64\msvcrt.dll
0x77080000 - 0x77099000 	C:\Windows\SysWOW64\sechost.dll
0x772f0000 - 0x773e0000 	C:\Windows\syswow64\RPCRT4.dll
0x757e0000 - 0x75840000 	C:\Windows\syswow64\SspiCli.dll
0x757d0000 - 0x757dc000 	C:\Windows\syswow64\CRYPTBASE.dll
0x77140000 - 0x77240000 	C:\Windows\syswow64\USER32.dll
0x76ed0000 - 0x76f60000 	C:\Windows\syswow64\GDI32.dll
0x76de0000 - 0x76dea000 	C:\Windows\syswow64\LPK.dll
0x770a0000 - 0x7713d000 	C:\Windows\syswow64\USP10.dll
0x76d80000 - 0x76de0000 	C:\Windows\system32\IMM32.DLL
0x75b00000 - 0x75bcc000 	C:\Windows\syswow64\MSCTF.dll
0x7c340000 - 0x7c396000 	C:\Program Files (x86)\Java\jre6\bin\msvcr71.dll
0x6d800000 - 0x6da97000 	C:\Program Files (x86)\Java\jre6\bin\client\jvm.dll
0x73460000 - 0x73492000 	C:\Windows\system32\WINMM.dll
0x72400000 - 0x7244b000 	C:\Windows\system32\apphelp.dll
0x6d7b0000 - 0x6d7bc000 	C:\Program Files (x86)\Java\jre6\bin\verify.dll
0x6d330000 - 0x6d34f000 	C:\Program Files (x86)\Java\jre6\bin\java.dll
0x6d290000 - 0x6d298000 	C:\Program Files (x86)\Java\jre6\bin\hpi.dll
0x75bd0000 - 0x75bd5000 	C:\Windows\syswow64\PSAPI.DLL
0x6d7f0000 - 0x6d7ff000 	C:\Program Files (x86)\Java\jre6\bin\zip.dll
0x6d000000 - 0x6d14a000 	C:\Program Files (x86)\Java\jre6\bin\awt.dll
0x70d90000 - 0x70de1000 	C:\Windows\system32\WINSPOOL.DRV
0x75d20000 - 0x75e7c000 	C:\Windows\syswow64\ole32.dll
0x73a20000 - 0x73bbe000 	C:\Windows\WinSxS\x86_microsoft.windows.common-controls_6595b64144ccf1df_6.0.7600.16661_none_420fe3fa2b8113bd\COMCTL32.dll
0x776d0000 - 0x77727000 	C:\Windows\syswow64\SHLWAPI.dll
0x6d610000 - 0x6d623000 	C:\Program Files (x86)\Java\jre6\bin\net.dll
0x77830000 - 0x77865000 	C:\Windows\syswow64\WS2_32.dll
0x75af0000 - 0x75af6000 	C:\Windows\syswow64\NSI.dll
0x73d40000 - 0x73d7c000 	C:\Windows\system32\mswsock.dll
0x73870000 - 0x73876000 	C:\Windows\System32\wship6.dll
0x6d630000 - 0x6d639000 	C:\Program Files (x86)\Java\jre6\bin\nio.dll
0x724e0000 - 0x724f6000 	C:\Windows\system32\CRYPTSP.dll
0x721f0000 - 0x7222b000 	C:\Windows\system32\rsaenh.dll
0x735c0000 - 0x735d7000 	C:\Windows\system32\USERENV.dll
0x73d20000 - 0x73d2b000 	C:\Windows\system32\profapi.dll
0x739a0000 - 0x739b0000 	C:\Windows\system32\NLAapi.dll
0x73920000 - 0x73964000 	C:\Windows\system32\DNSAPI.dll
0x73910000 - 0x73918000 	C:\Windows\System32\winrnr.dll
0x738e0000 - 0x738f0000 	C:\Windows\system32\napinsp.dll
0x738b0000 - 0x738c2000 	C:\Windows\system32\pnrpnsp.dll
0x737b0000 - 0x737d4000 	C:\Program Files (x86)\Common Files\Microsoft Shared\Windows Live\WLIDNSP.DLL
0x73780000 - 0x737a5000 	C:\Program Files (x86)\Bonjour\mdnsNSP.dll
0x738f0000 - 0x7390c000 	C:\Windows\system32\Iphlpapi.DLL
0x738d0000 - 0x738d7000 	C:\Windows\system32\WINNSI.DLL
0x73d30000 - 0x73d35000 	C:\Windows\System32\wshtcpip.dll
0x73770000 - 0x73776000 	C:\Windows\system32\rasadhlp.dll
0x73830000 - 0x73868000 	C:\Windows\System32\fwpuclnt.dll
0x71020000 - 0x71033000 	C:\Windows\system32\DWMAPI.DLL
0x756e0000 - 0x75760000 	C:\Windows\system32\uxtheme.dll
0x76130000 - 0x76d79000 	C:\Windows\syswow64\shell32.dll
0x6d230000 - 0x6d284000 	C:\Program Files (x86)\Java\jre6\bin\fontmanager.dll
0x75a60000 - 0x75aef000 	C:\Windows\syswow64\OLEAUT32.dll
0x70a60000 - 0x70c23000 	C:\Windows\system32\d3d9.dll
0x734e0000 - 0x734e9000 	C:\Windows\system32\VERSION.dll
0x756d0000 - 0x756d6000 	C:\Windows\system32\d3d8thk.dll
0x6e4b0000 - 0x6edb3000 	C:\Windows\system32\nvd3dum.dll
0x72240000 - 0x72265000 	C:\Windows\system32\powrprof.dll
0x758c0000 - 0x75a5d000 	C:\Windows\syswow64\SETUPAPI.dll
0x75890000 - 0x758b7000 	C:\Windows\syswow64\CFGMGR32.dll
0x776b0000 - 0x776c2000 	C:\Windows\syswow64\DEVOBJ.dll
0x77620000 - 0x776a3000 	C:\Windows\syswow64\CLBCatQ.DLL
0x71190000 - 0x71285000 	C:\Windows\system32\propsys.dll
0x73970000 - 0x73991000 	C:\Windows\system32\ntmarta.dll
0x75840000 - 0x75885000 	C:\Windows\syswow64\WLDAP32.dll
0x71120000 - 0x7112a000 	C:\Windows\system32\slc.dll
0x6fad0000 - 0x6fae2000 	C:\Windows\system32\MPR.dll
0x510e0000 - 0x510f4000 	C:\Program Files (x86)\Common Files\Adobe\Adobe Drive CS4\AdobeDriveCS4_NP.dll
0x6eec0000 - 0x6eec8000 	C:\Windows\System32\drprov.dll
0x719c0000 - 0x719e9000 	C:\Windows\System32\WINSTA.dll
0x6ee70000 - 0x6ee84000 	C:\Windows\System32\ntlanman.dll
0x6c230000 - 0x6c247000 	C:\Windows\System32\davclnt.dll
0x70d30000 - 0x70d38000 	C:\Windows\System32\DAVHLPR.dll
0x72500000 - 0x7250f000 	C:\Windows\system32\wkscli.dll
0x71130000 - 0x7113b000 	C:\Windows\system32\cscapi.dll
0x73800000 - 0x73809000 	C:\Windows\system32\netutils.dll
0x76e40000 - 0x76e6d000 	C:\Windows\syswow64\WINTRUST.dll
0x76f60000 - 0x7707c000 	C:\Windows\syswow64\CRYPT32.dll
0x773e0000 - 0x773ec000 	C:\Windows\syswow64\MSASN1.dll
0x71a00000 - 0x71a09000 	C:\Windows\system32\LINKINFO.dll
0x6d1a0000 - 0x6d1c3000 	C:\Program Files (x86)\Java\jre6\bin\dcpr.dll

VM Arguments:
jvm_args: -Xmx1024m -Dfile.encoding=Cp1252 
java_command: net.sta.toolkit.testexample.Main
Launcher Type: SUN_STANDARD

Environment Variables:
JAVA_HOME=C:\Program Files (x86)\Java\jdk1.6.0_20\
CLASSPATH=.;C:\Program Files (x86)\Java\jre6\bin;C:\Program Files (x86)\Java\jdk1.6.0_20;C:\Program Files\Apache Software Foundation\Tomcat 6.0\lib\servlet-api.jar;C:\Program Files\Apache Software Foundation\Tomcat 6.0\lib\jsp-api.jar;C:\Udig_Programming_Tools\PostGIS_JDBC\postgresql-8.3-606.jdbc2ee.jar;C:\Program Files (x86)\Java\jre6\lib\ext\QTJava.zip
PATH=C:/Program Files (x86)/Java/jre6/bin/client;C:/Program Files (x86)/Java/jre6/bin;C:\Program Files (x86)\Common Files\Microsoft Shared\Windows Live;C:\Windows\system32;C:\Windows;C:\Windows\System32\Wbem;C:\Windows\System32\WindowsPowerShell\v1.0\;C:\Program Files (x86)\QuickTime\QTSystem;C:\Program Files (x86)\Java\jdk1.6.0_20\bin;C:\Program Files (x86)\WinSCP\;C:\Program Files (x86)\QuickTime\QTSystem\;C:\Program Files\apache-maven-2.2.1\bin;C:\Program Files (x86)\TortoiseSVN\bin
USERNAME=pcrease
OS=Windows_NT
PROCESSOR_IDENTIFIER=Intel64 Family 6 Model 23 Stepping 10, GenuineIntel



---------------  S Y S T E M  ---------------

OS: Windows 7 Build 7600 

CPU:total 2 (2 cores per cpu, 1 threads per core) family 6 model 23 stepping 10, cmov, cx8, fxsr, mmx, sse, sse2, sse3, ssse3, sse4.1

Memory: 4k page, physical 8320828k(4573032k free), swap 16639760k(12496268k free)

vm_info: Java HotSpot(TM) Client VM (16.3-b01) for windows-x86 JRE (1.6.0_20-b02), built on Apr 12 2010 13:52:23 by "java_re" with MS VC++ 7.1 (VS2003)

time: Wed May 04 11:05:40 2011
elapsed time: 424 seconds

